15:33:33.685 [main] INFO  testCases.TC_001_RegistrationAccountform - **Staring the TC_001_RegistrationAccountform***
15:33:34.006 [main] INFO  testCases.TC_001_RegistrationAccountform - ///ClickonMyaccount///
15:33:34.708 [main] INFO  testCases.TC_001_RegistrationAccountform - ///Clickonlinkregister///
15:33:34.713 [main] INFO  testCases.TC_001_RegistrationAccountform - ///Registrationpage///
15:34:50.686 [main] DEBUG io.netty.util.internal.logging.InternalLoggerFactory - Using Log4J2 as the default logging framework
15:34:50.700 [main] DEBUG io.netty.util.ResourceLeakDetector - -Dio.netty.leakDetection.level: simple
15:34:50.701 [main] DEBUG io.netty.util.ResourceLeakDetector - -Dio.netty.leakDetection.targetRecords: 4
15:34:50.708 [main] DEBUG io.netty.util.ResourceLeakDetectorFactory - Loaded default ResourceLeakDetector: io.netty.util.ResourceLeakDetector@4cafa9aa
15:34:50.754 [main] DEBUG io.netty.util.internal.PlatformDependent0 - -Dio.netty.noUnsafe: false
15:34:50.755 [main] DEBUG io.netty.util.internal.PlatformDependent0 - Java version: 19
15:34:50.760 [main] DEBUG io.netty.util.internal.PlatformDependent0 - sun.misc.Unsafe.theUnsafe: available
15:34:50.761 [main] DEBUG io.netty.util.internal.PlatformDependent0 - sun.misc.Unsafe.copyMemory: available
15:34:50.762 [main] DEBUG io.netty.util.internal.PlatformDependent0 - sun.misc.Unsafe.storeFence: available
15:34:50.765 [main] DEBUG io.netty.util.internal.PlatformDependent0 - java.nio.Buffer.address: available
15:34:50.767 [main] DEBUG io.netty.util.internal.PlatformDependent0 - direct buffer constructor: unavailable: Reflective setAccessible(true) disabled
15:34:50.768 [main] DEBUG io.netty.util.internal.PlatformDependent0 - java.nio.Bits.unaligned: available, true
15:34:50.771 [main] DEBUG io.netty.util.internal.PlatformDependent0 - jdk.internal.misc.Unsafe.allocateUninitializedArray(int): unavailable: class io.netty.util.internal.PlatformDependent0$7 cannot access class jdk.internal.misc.Unsafe (in module java.base) because module java.base does not export jdk.internal.misc to unnamed module @43556938
15:34:50.772 [main] DEBUG io.netty.util.internal.PlatformDependent0 - java.nio.DirectByteBuffer.<init>(long, {int,long}): unavailable
15:34:50.773 [main] DEBUG io.netty.util.internal.PlatformDependent - sun.misc.Unsafe: available
15:34:50.775 [main] DEBUG io.netty.util.internal.PlatformDependent - maxDirectMemory: 3202351104 bytes (maybe)
15:34:50.776 [main] DEBUG io.netty.util.internal.PlatformDependent - -Dio.netty.tmpdir: C:\Users\ak139\AppData\Local\Temp (java.io.tmpdir)
15:34:50.776 [main] DEBUG io.netty.util.internal.PlatformDependent - -Dio.netty.bitMode: 64 (sun.arch.data.model)
15:34:50.777 [main] DEBUG io.netty.util.internal.PlatformDependent - Platform: Windows
15:34:50.778 [main] DEBUG io.netty.util.internal.PlatformDependent - -Dio.netty.maxDirectMemory: -1 bytes
15:34:50.779 [main] DEBUG io.netty.util.internal.PlatformDependent - -Dio.netty.uninitializedArrayAllocationThreshold: -1
15:34:50.785 [main] DEBUG io.netty.util.internal.CleanerJava9 - java.nio.ByteBuffer.cleaner(): available
15:34:50.786 [main] DEBUG io.netty.util.internal.PlatformDependent - -Dio.netty.noPreferDirect: false
15:34:50.798 [main] DEBUG io.netty.util.internal.PlatformDependent - org.jctools-core.MpscChunkedArrayQueue: available
15:34:50.827 [main] DEBUG io.netty.util.internal.InternalThreadLocalMap - -Dio.netty.threadLocalMap.stringBuilder.initialSize: 1024
15:34:50.827 [main] DEBUG io.netty.util.internal.InternalThreadLocalMap - -Dio.netty.threadLocalMap.stringBuilder.maxSize: 4096
15:34:50.901 [main] DEBUG io.netty.handler.ssl.JdkSslContext - Default protocols (JDK): [TLSv1.3, TLSv1.2] 
15:34:50.901 [main] DEBUG io.netty.handler.ssl.JdkSslContext - Default cipher suites (JDK): [TLS_ECDHE_ECDSA_WITH_AES_256_GCM_SHA384, TLS_ECDHE_ECDSA_WITH_AES_128_GCM_SHA256, TLS_ECDHE_RSA_WITH_AES_128_GCM_SHA256, TLS_ECDHE_RSA_WITH_AES_256_GCM_SHA384, TLS_ECDHE_RSA_WITH_AES_128_CBC_SHA, TLS_ECDHE_RSA_WITH_AES_256_CBC_SHA, TLS_RSA_WITH_AES_128_GCM_SHA256, TLS_RSA_WITH_AES_128_CBC_SHA, TLS_RSA_WITH_AES_256_CBC_SHA, TLS_AES_128_GCM_SHA256, TLS_AES_256_GCM_SHA384]
15:34:50.928 [main] DEBUG io.netty.util.concurrent.GlobalEventExecutor - -Dio.netty.globalEventExecutor.quietPeriodSeconds: 1
15:34:50.957 [main] DEBUG io.netty.channel.MultithreadEventLoopGroup - -Dio.netty.eventLoopThreads: 8
15:34:50.973 [main] DEBUG io.netty.channel.nio.NioEventLoop - -Dio.netty.noKeySetOptimization: false
15:34:50.974 [main] DEBUG io.netty.channel.nio.NioEventLoop - -Dio.netty.selectorAutoRebuildThreshold: 512
15:34:51.048 [main] DEBUG io.netty.buffer.PooledByteBufAllocator - -Dio.netty.allocator.numHeapArenas: 8
15:34:51.048 [main] DEBUG io.netty.buffer.PooledByteBufAllocator - -Dio.netty.allocator.numDirectArenas: 8
15:34:51.049 [main] DEBUG io.netty.buffer.PooledByteBufAllocator - -Dio.netty.allocator.pageSize: 8192
15:34:51.049 [main] DEBUG io.netty.buffer.PooledByteBufAllocator - -Dio.netty.allocator.maxOrder: 9
15:34:51.051 [main] DEBUG io.netty.buffer.PooledByteBufAllocator - -Dio.netty.allocator.chunkSize: 4194304
15:34:51.051 [main] DEBUG io.netty.buffer.PooledByteBufAllocator - -Dio.netty.allocator.smallCacheSize: 256
15:34:51.054 [main] DEBUG io.netty.buffer.PooledByteBufAllocator - -Dio.netty.allocator.normalCacheSize: 64
15:34:51.055 [main] DEBUG io.netty.buffer.PooledByteBufAllocator - -Dio.netty.allocator.maxCachedBufferCapacity: 32768
15:34:51.055 [main] DEBUG io.netty.buffer.PooledByteBufAllocator - -Dio.netty.allocator.cacheTrimInterval: 8192
15:34:51.055 [main] DEBUG io.netty.buffer.PooledByteBufAllocator - -Dio.netty.allocator.cacheTrimIntervalMillis: 0
15:34:51.056 [main] DEBUG io.netty.buffer.PooledByteBufAllocator - -Dio.netty.allocator.useCacheForAllThreads: false
15:34:51.056 [main] DEBUG io.netty.buffer.PooledByteBufAllocator - -Dio.netty.allocator.maxCachedByteBuffersPerChunk: 1023
15:34:51.076 [main] DEBUG io.netty.buffer.ByteBufUtil - -Dio.netty.allocator.type: pooled
15:34:51.077 [main] DEBUG io.netty.buffer.ByteBufUtil - -Dio.netty.threadLocalDirectBufferSize: 0
15:34:51.077 [main] DEBUG io.netty.buffer.ByteBufUtil - -Dio.netty.maxThreadLocalCharBufferSize: 16384
15:34:51.587 [Forwarding newSession on session null to remote] DEBUG io.netty.channel.DefaultChannelId - -Dio.netty.processId: 10680 (auto-detected)
15:34:51.591 [Forwarding newSession on session null to remote] DEBUG io.netty.util.NetUtil - -Djava.net.preferIPv4Stack: false
15:34:51.591 [Forwarding newSession on session null to remote] DEBUG io.netty.util.NetUtil - -Djava.net.preferIPv6Addresses: false
15:34:51.604 [Forwarding newSession on session null to remote] DEBUG io.netty.util.NetUtilInitializations - Loopback interface: lo (Software Loopback Interface 1, 127.0.0.1)
15:34:51.606 [Forwarding newSession on session null to remote] DEBUG io.netty.util.NetUtil - Failed to get SOMAXCONN from sysctl and file \proc\sys\net\core\somaxconn. Default: 200
15:34:51.630 [Forwarding newSession on session null to remote] DEBUG io.netty.channel.DefaultChannelId - -Dio.netty.machineId: a8:a7:95:ff:fe:6d:2a:93 (auto-detected)
15:34:51.688 [AsyncHttpClient-1-2] DEBUG io.netty.buffer.AbstractByteBuf - -Dio.netty.buffer.checkAccessible: true
15:34:51.689 [AsyncHttpClient-1-2] DEBUG io.netty.buffer.AbstractByteBuf - -Dio.netty.buffer.checkBounds: true
15:34:51.689 [AsyncHttpClient-1-2] DEBUG io.netty.util.ResourceLeakDetectorFactory - Loaded default ResourceLeakDetector: io.netty.util.ResourceLeakDetector@4da79066
15:34:51.723 [AsyncHttpClient-1-2] DEBUG io.netty.util.Recycler - -Dio.netty.recycler.maxCapacityPerThread: 4096
15:34:51.723 [AsyncHttpClient-1-2] DEBUG io.netty.util.Recycler - -Dio.netty.recycler.ratio: 8
15:34:51.724 [AsyncHttpClient-1-2] DEBUG io.netty.util.Recycler - -Dio.netty.recycler.chunkSize: 32
15:34:51.724 [AsyncHttpClient-1-2] DEBUG io.netty.util.Recycler - -Dio.netty.recycler.blocking: false
15:34:51.724 [AsyncHttpClient-1-2] DEBUG io.netty.util.Recycler - -Dio.netty.recycler.batchFastThreadLocalOnly: true
15:34:52.800 [AsyncHttpClient-1-2] DEBUG io.netty.handler.codec.compression.Brotli - brotli4j not in the classpath; Brotli support will be unavailable.
15:34:53.028 [main] DEBUG io.netty.util.internal.ThreadLocalRandom - -Dio.netty.initialSeedUniquifier: 0xad30e4a8b5995aab
15:34:54.886 [main] DEBUG testCases.TC_001_RegistrationAccountform - **Debug Message**
15:34:54.890 [main] INFO  testCases.TC_001_RegistrationAccountform - **Staring the TC_001_RegistrationAccountform***
15:34:55.195 [main] INFO  testCases.TC_001_RegistrationAccountform - ///ClickonMyaccount///
15:34:55.986 [main] INFO  testCases.TC_001_RegistrationAccountform - ///Clickonlinkregister///
15:34:55.993 [main] INFO  testCases.TC_001_RegistrationAccountform - ///Registrationpage///
18:44:50.065 [main] DEBUG testCases.TC_001_RegistrationAccountform - **Debug Message**
18:44:50.076 [main] INFO  testCases.TC_001_RegistrationAccountform - **Staring the TC_001_RegistrationAccountform***
18:44:50.274 [main] INFO  testCases.TC_001_RegistrationAccountform - ///ClickonMyaccount///
18:44:51.784 [main] INFO  testCases.TC_001_RegistrationAccountform - ///Clickonlinkregister///
18:44:51.788 [main] INFO  testCases.TC_001_RegistrationAccountform - ///Registrationpage///
18:49:25.133 [main] DEBUG testCases.TC_001_RegistrationAccountform - **Debug Message**
18:49:25.141 [main] INFO  testCases.TC_001_RegistrationAccountform - **Staring the TC_001_RegistrationAccountform***
18:49:25.322 [main] INFO  testCases.TC_001_RegistrationAccountform - ///ClickonMyaccount///
18:53:30.786 [main] DEBUG testCases.TC_001_RegistrationAccountform - **Debug Message**
18:53:30.792 [main] INFO  testCases.TC_001_RegistrationAccountform - **Staring the TC_001_RegistrationAccountform***
18:53:30.996 [main] INFO  testCases.TC_001_RegistrationAccountform - ///ClickonMyaccount///
18:53:31.853 [main] INFO  testCases.TC_001_RegistrationAccountform - ///Clickonlinkregister///
18:53:31.856 [main] INFO  testCases.TC_001_RegistrationAccountform - ///Registrationpage///
18:03:28.145 [main] DEBUG testCases.TC_001_RegistrationAccountform - **Debug Message**
18:03:28.149 [main] INFO  testCases.TC_001_RegistrationAccountform - **Staring the TC_001_RegistrationAccountform***
18:03:28.303 [main] INFO  testCases.TC_001_RegistrationAccountform - ///ClickonMyaccount///
18:03:29.649 [main] INFO  testCases.TC_001_RegistrationAccountform - ///Clickonlinkregister///
18:03:29.652 [main] INFO  testCases.TC_001_RegistrationAccountform - ///Registrationpage///
18:05:49.235 [main] DEBUG testCases.TC_001_RegistrationAccountform - **Debug Message**
18:05:49.240 [main] INFO  testCases.TC_001_RegistrationAccountform - **Staring the TC_001_RegistrationAccountform***
18:05:49.453 [main] INFO  testCases.TC_001_RegistrationAccountform - ///ClickonMyaccount///
18:05:49.553 [main] INFO  testCases.TC_001_RegistrationAccountform - ///Clickonlinkregister///
18:05:49.557 [main] INFO  testCases.TC_001_RegistrationAccountform - ///Registrationpage///
18:06:42.652 [main] DEBUG testCases.TC_001_RegistrationAccountform - **Debug Message**
18:06:42.660 [main] INFO  testCases.TC_001_RegistrationAccountform - **Staring the TC_001_RegistrationAccountform***
18:06:42.827 [main] INFO  testCases.TC_001_RegistrationAccountform - ///ClickonMyaccount///
18:07:15.027 [main] DEBUG testCases.TC_001_RegistrationAccountform - **Debug Message**
18:07:15.031 [main] INFO  testCases.TC_001_RegistrationAccountform - **Staring the TC_001_RegistrationAccountform***
18:07:15.199 [main] INFO  testCases.TC_001_RegistrationAccountform - ///ClickonMyaccount///
18:07:15.810 [main] INFO  testCases.TC_001_RegistrationAccountform - ///Clickonlinkregister///
18:07:15.818 [main] INFO  testCases.TC_001_RegistrationAccountform - ///Registrationpage///
13:12:48.483 [main] DEBUG testCases.TC_001_AccountRegistrationTest - application logs......
13:12:48.488 [main] INFO  testCases.TC_001_AccountRegistrationTest - ***  Starting TC_001_AccountRegistrationTest ***
13:12:48.624 [main] INFO  testCases.TC_001_AccountRegistrationTest - Clicked on My account link
13:12:56.953 [main] INFO  testCases.TC_001_AccountRegistrationTest - Clicked on register link
13:12:56.964 [main] INFO  testCases.TC_001_AccountRegistrationTest - Providing customer data
13:13:07.429 [main] ERROR testCases.TC_001_AccountRegistrationTest - test failed
13:18:47.032 [main] DEBUG testCases.TC_001_AccountRegistrationTest - application logs......
13:18:47.035 [main] INFO  testCases.TC_001_AccountRegistrationTest - ***  Starting TC_001_AccountRegistrationTest ***
13:18:47.158 [main] INFO  testCases.TC_001_AccountRegistrationTest - Clicked on My account link
13:18:55.690 [main] INFO  testCases.TC_001_AccountRegistrationTest - Clicked on register link
13:18:55.695 [main] INFO  testCases.TC_001_AccountRegistrationTest - Providing customer data
13:19:02.754 [main] ERROR testCases.TC_001_AccountRegistrationTest - test failed
13:19:58.213 [main] DEBUG testCases.TC_001_AccountRegistrationTest - application logs......
13:19:58.217 [main] INFO  testCases.TC_001_AccountRegistrationTest - ***  Starting TC_001_AccountRegistrationTest ***
13:19:58.348 [main] INFO  testCases.TC_001_AccountRegistrationTest - Clicked on My account link
13:20:03.499 [main] INFO  testCases.TC_001_AccountRegistrationTest - Clicked on register link
13:20:03.507 [main] INFO  testCases.TC_001_AccountRegistrationTest - Providing customer data
13:20:05.088 [main] ERROR testCases.TC_001_AccountRegistrationTest - test failed
13:21:05.054 [main] DEBUG testCases.TC_001_AccountRegistrationTest - application logs......
13:21:05.058 [main] INFO  testCases.TC_001_AccountRegistrationTest - ***  Starting TC_001_AccountRegistrationTest ***
13:21:05.188 [main] INFO  testCases.TC_001_AccountRegistrationTest - Clicked on My account link
13:21:08.860 [main] INFO  testCases.TC_001_AccountRegistrationTest - Clicked on register link
13:21:08.865 [main] INFO  testCases.TC_001_AccountRegistrationTest - Providing customer data
13:21:10.475 [main] INFO  testCases.TC_001_AccountRegistrationTest - ***  Finished TC_001_AccountRegistrationTest ***
14:28:35.638 [main] DEBUG testCases.TC_001_AccountRegistrationTest - application logs......
14:28:35.646 [main] INFO  testCases.TC_001_AccountRegistrationTest - ***  Starting TC_001_AccountRegistrationTest ***
14:28:35.870 [main] INFO  testCases.TC_001_AccountRegistrationTest - Clicked on My account link
14:28:36.946 [main] INFO  testCases.TC_001_AccountRegistrationTest - Clicked on register link
14:28:36.951 [main] INFO  testCases.TC_001_AccountRegistrationTest - Providing customer data
14:28:38.684 [main] INFO  testCases.TC_001_AccountRegistrationTest - ***  Finished TC_001_AccountRegistrationTest ***
20:53:46.532 [main] DEBUG testCases.TC_001_AccountRegistrationTest - application logs......
20:53:46.539 [main] INFO  testCases.TC_001_AccountRegistrationTest - ***  Starting TC_001_AccountRegistrationTest ***
20:53:46.670 [main] INFO  testCases.TC_001_AccountRegistrationTest - Clicked on My account link
20:53:47.440 [main] INFO  testCases.TC_001_AccountRegistrationTest - Clicked on register link
20:53:47.445 [main] INFO  testCases.TC_001_AccountRegistrationTest - Providing customer data
20:53:49.096 [main] INFO  testCases.TC_001_AccountRegistrationTest - ***  Finished TC_001_AccountRegistrationTest ***
15:10:51.579 [main] DEBUG testCases.TC_001_AccountRegistrationTest - application logs......
15:10:51.588 [main] INFO  testCases.TC_001_AccountRegistrationTest - ***  Starting TC_001_AccountRegistrationTest ***
15:10:51.783 [main] INFO  testCases.TC_001_AccountRegistrationTest - Clicked on My account link
15:10:52.356 [main] INFO  testCases.TC_001_AccountRegistrationTest - Clicked on register link
15:10:52.362 [main] INFO  testCases.TC_001_AccountRegistrationTest - Providing customer data
15:10:54.008 [main] INFO  testCases.TC_001_AccountRegistrationTest - ***  Finished TC_001_AccountRegistrationTest ***
